#
# There is insufficient memory for the Java Runtime Environment to continue.
# Native memory allocation (mmap) failed to map 92274688 bytes for G1 virtual space
# Possible reasons:
#   The system is out of physical RAM or swap space
#   The process is running with CompressedOops enabled, and the Java Heap may be blocking the growth of the native heap
# Possible solutions:
#   Reduce memory load on the system
#   Increase physical memory or swap space
#   Check if swap backing store is full
#   Decrease Java heap size (-Xmx/-Xms)
#   Decrease number of Java threads
#   Decrease Java thread stack sizes (-Xss)
#   Set larger code cache with -XX:ReservedCodeCacheSize=
#   JVM is running with Unscaled Compressed Oops mode in which the Java heap is
#     placed in the first 4GB address space. The Java Heap base address is the
#     maximum limit for the native heap growth. Please use -XX:HeapBaseMinAddress
#     to set the Java Heap base and to place the Java Heap above 4GB virtual address.
# This output file may be truncated or incomplete.
#
#  Out of Memory Error (os_windows.cpp:3771), pid=9264, tid=20460
#
# JRE version: OpenJDK Runtime Environment (17.0.7) (build 17.0.7+0-b2043.56-10550314)
# Java VM: OpenJDK 64-Bit Server VM (17.0.7+0-b2043.56-10550314, mixed mode, tiered, compressed oops, compressed class ptrs, g1 gc, windows-amd64)
# No core dump will be written. Minidumps are not enabled by default on client versions of Windows
#

---------------  S U M M A R Y ------------

Command Line: --add-opens=java.base/java.util=ALL-UNNAMED --add-opens=java.base/java.lang=ALL-UNNAMED --add-opens=java.base/java.lang.invoke=ALL-UNNAMED --add-opens=java.prefs/java.util.prefs=ALL-UNNAMED --add-opens=java.base/java.nio.charset=ALL-UNNAMED --add-opens=java.base/java.net=ALL-UNNAMED --add-opens=java.base/java.util.concurrent.atomic=ALL-UNNAMED -Xmx2048m -Dfile.encoding=UTF-8 -Duser.country=US -Duser.language=en -Duser.variant -javaagent:C:\Users\91700\.gradle\wrapper\dists\gradle-8.2-bin\bbg7u40eoinfdyxsxr3z4i7ta\gradle-8.2\lib\agents\gradle-instrumentation-agent-8.2.jar org.gradle.launcher.daemon.bootstrap.GradleDaemon 8.2

Host: Intel(R) Core(TM) i5-9300H CPU @ 2.40GHz, 8 cores, 15G,  Windows 11 , 64 bit Build 22621 (10.0.22621.3374)
Time: Sat May 11 01:11:52 2024 India Standard Time elapsed time: 4.614278 seconds (0d 0h 0m 4s)

---------------  T H R E A D  ---------------

Current thread (0x000001acd8afbd50):  VMThread "VM Thread" [stack: 0x00000008ad700000,0x00000008ad800000] [id=20460]

Stack: [0x00000008ad700000,0x00000008ad800000]
Native frames: (J=compiled Java code, j=interpreted, Vv=VM code, C=native code)
V  [jvm.dll+0x683bfa]
V  [jvm.dll+0x8430a4]
V  [jvm.dll+0x8449be]
V  [jvm.dll+0x845023]
V  [jvm.dll+0x24ad2f]
V  [jvm.dll+0x680ac9]
V  [jvm.dll+0x67519a]
V  [jvm.dll+0x30b3cb]
V  [jvm.dll+0x312876]
V  [jvm.dll+0x36221e]
V  [jvm.dll+0x36244f]
V  [jvm.dll+0x2e14a8]
V  [jvm.dll+0x2df684]
V  [jvm.dll+0x2dec8c]
V  [jvm.dll+0x32382b]
V  [jvm.dll+0x8496eb]
V  [jvm.dll+0x84a424]
V  [jvm.dll+0x84a93d]
V  [jvm.dll+0x84ad14]
V  [jvm.dll+0x84ade0]
V  [jvm.dll+0x7f2aea]
V  [jvm.dll+0x682a35]
C  [ucrtbase.dll+0x29333]
C  [KERNEL32.DLL+0x1257d]
C  [ntdll.dll+0x5aa48]

VM_Operation (0x00000008af1f6d90): G1CollectForAllocation, mode: safepoint, requested by thread 0x000001acdea133a0


---------------  P R O C E S S  ---------------

Threads class SMR info:
_java_thread_list=0x000001acdef4d320, length=37, elements={
0x000001acbec6ee40, 0x000001acdd064030, 0x000001acdd064b50, 0x000001acdd04f310,
0x000001acdd0501d0, 0x000001acdd08b120, 0x000001acdd08dae0, 0x000001acdd091d70,
0x000001acdd09a820, 0x000001acdd09d220, 0x000001acdd14a510, 0x000001acdd276ca0,
0x000001acdd311ca0, 0x000001acdd79e010, 0x000001acde394670, 0x000001acdedd7740,
0x000001acdec14a40, 0x000001acdee4abd0, 0x000001acdea12a00, 0x000001acdea12ed0,
0x000001acdea133a0, 0x000001acdea13870, 0x000001acdea13d40, 0x000001acdea12060,
0x000001acdea146e0, 0x000001acdea14210, 0x000001acdea12530, 0x000001acdea14bb0,
0x000001acdea15080, 0x000001acdea15a20, 0x000001ace0647290, 0x000001ace064a780,
0x000001ace0647c30, 0x000001ace06468f0, 0x000001ace0648f70, 0x000001ace064c460,
0x000001ace064ac50
}

Java Threads: ( => current thread )
  0x000001acbec6ee40 JavaThread "main" [_thread_blocked, id=11464, stack(0x00000008ad100000,0x00000008ad200000)]
  0x000001acdd064030 JavaThread "Reference Handler" daemon [_thread_blocked, id=1220, stack(0x00000008ad800000,0x00000008ad900000)]
  0x000001acdd064b50 JavaThread "Finalizer" daemon [_thread_blocked, id=20288, stack(0x00000008ad900000,0x00000008ada00000)]
  0x000001acdd04f310 JavaThread "Signal Dispatcher" daemon [_thread_blocked, id=4976, stack(0x00000008ada00000,0x00000008adb00000)]
  0x000001acdd0501d0 JavaThread "Attach Listener" daemon [_thread_blocked, id=8424, stack(0x00000008adb00000,0x00000008adc00000)]
  0x000001acdd08b120 JavaThread "Service Thread" daemon [_thread_blocked, id=12948, stack(0x00000008adc00000,0x00000008add00000)]
  0x000001acdd08dae0 JavaThread "Monitor Deflation Thread" daemon [_thread_blocked, id=13028, stack(0x00000008add00000,0x00000008ade00000)]
  0x000001acdd091d70 JavaThread "C2 CompilerThread0" daemon [_thread_blocked, id=17428, stack(0x00000008ade00000,0x00000008adf00000)]
  0x000001acdd09a820 JavaThread "C1 CompilerThread0" daemon [_thread_blocked, id=6192, stack(0x00000008adf00000,0x00000008ae000000)]
  0x000001acdd09d220 JavaThread "Sweeper thread" daemon [_thread_blocked, id=3416, stack(0x00000008ae000000,0x00000008ae100000)]
  0x000001acdd14a510 JavaThread "Common-Cleaner" daemon [_thread_blocked, id=16648, stack(0x00000008ae100000,0x00000008ae200000)]
  0x000001acdd276ca0 JavaThread "Notification Thread" daemon [_thread_blocked, id=12380, stack(0x00000008ae200000,0x00000008ae300000)]
  0x000001acdd311ca0 JavaThread "C2 CompilerThread1" daemon [_thread_blocked, id=1616, stack(0x00000008ae400000,0x00000008ae500000)]
  0x000001acdd79e010 JavaThread "C2 CompilerThread2" daemon [_thread_in_native, id=8580, stack(0x00000008ae500000,0x00000008ae600000)]
  0x000001acde394670 JavaThread "Daemon health stats" [_thread_blocked, id=1736, stack(0x00000008aeb00000,0x00000008aec00000)]
  0x000001acdedd7740 JavaThread "Incoming local TCP Connector on port 49255" [_thread_in_native, id=6252, stack(0x00000008aec00000,0x00000008aed00000)]
  0x000001acdec14a40 JavaThread "Daemon periodic checks" [_thread_blocked, id=5380, stack(0x00000008aed00000,0x00000008aee00000)]
  0x000001acdee4abd0 JavaThread "Daemon" [_thread_blocked, id=2004, stack(0x00000008aee00000,0x00000008aef00000)]
  0x000001acdea12a00 JavaThread "Handler for socket connection from /127.0.0.1:49255 to /127.0.0.1:49256" [_thread_in_native, id=7796, stack(0x00000008aef00000,0x00000008af000000)]
  0x000001acdea12ed0 JavaThread "Cancel handler" [_thread_blocked, id=8240, stack(0x00000008af000000,0x00000008af100000)]
  0x000001acdea133a0 JavaThread "Daemon worker" [_thread_blocked, id=19740, stack(0x00000008af100000,0x00000008af200000)]
  0x000001acdea13870 JavaThread "Asynchronous log dispatcher for DefaultDaemonConnection: socket connection from /127.0.0.1:49255 to /127.0.0.1:49256" [_thread_blocked, id=19864, stack(0x00000008af200000,0x00000008af300000)]
  0x000001acdea13d40 JavaThread "Stdin handler" [_thread_blocked, id=9016, stack(0x00000008af300000,0x00000008af400000)]
  0x000001acdea12060 JavaThread "Daemon client event forwarder" [_thread_blocked, id=9940, stack(0x00000008af400000,0x00000008af500000)]
  0x000001acdea146e0 JavaThread "Cache worker for journal cache (C:\Users\91700\.gradle\caches\journal-1)" [_thread_blocked, id=19360, stack(0x00000008af800000,0x00000008af900000)]
  0x000001acdea14210 JavaThread "File lock request listener" [_thread_in_native, id=3956, stack(0x00000008af900000,0x00000008afa00000)]
  0x000001acdea12530 JavaThread "Cache worker for file hash cache (C:\Users\91700\.gradle\caches\8.2\fileHashes)" [_thread_blocked, id=13008, stack(0x00000008afa00000,0x00000008afb00000)]
  0x000001acdea14bb0 JavaThread "File watcher server" daemon [_thread_in_native, id=7224, stack(0x00000008afb00000,0x00000008afc00000)]
  0x000001acdea15080 JavaThread "File watcher consumer" daemon [_thread_blocked, id=19084, stack(0x00000008afc00000,0x00000008afd00000)]
  0x000001acdea15a20 JavaThread "Cache worker for checksums cache (Z:\Learning\.gradle\8.2\checksums)" [_thread_blocked, id=13508, stack(0x00000008afd00000,0x00000008afe00000)]
  0x000001ace0647290 JavaThread "Cache worker for cache directory md-rule (C:\Users\91700\.gradle\caches\8.2\md-rule)" [_thread_blocked, id=3856, stack(0x00000008afe00000,0x00000008aff00000)]
  0x000001ace064a780 JavaThread "Cache worker for file content cache (C:\Users\91700\.gradle\caches\8.2\fileContent)" [_thread_blocked, id=9840, stack(0x00000008aff00000,0x00000008b0000000)]
  0x000001ace0647c30 JavaThread "Cache worker for file hash cache (Z:\Learning\.gradle\8.2\fileHashes)" [_thread_blocked, id=1308, stack(0x00000008b0000000,0x00000008b0100000)]
  0x000001ace06468f0 JavaThread "Cache worker for cache directory md-supplier (C:\Users\91700\.gradle\caches\8.2\md-supplier)" [_thread_blocked, id=12444, stack(0x00000008b0100000,0x00000008b0200000)]
  0x000001ace0648f70 JavaThread "Cache worker for execution history cache (C:\Users\91700\.gradle\caches\8.2\executionHistory)" [_thread_blocked, id=2736, stack(0x00000008b0200000,0x00000008b0300000)]
  0x000001ace064c460 JavaThread "jar transforms" [_thread_blocked, id=7200, stack(0x00000008b0300000,0x00000008b0400000)]
  0x000001ace064ac50 JavaThread "jar transforms Thread 2" [_thread_blocked, id=852, stack(0x00000008b0400000,0x00000008b0500000)]

Other Threads:
=>0x000001acd8afbd50 VMThread "VM Thread" [stack: 0x00000008ad700000,0x00000008ad800000] [id=20460]
  0x000001acbec6fcb0 WatcherThread [stack: 0x00000008ae300000,0x00000008ae400000] [id=6892]
  0x000001acbecc8e90 GCTaskThread "GC Thread#0" [stack: 0x00000008ad200000,0x00000008ad300000] [id=13464]
  0x000001acdde1a740 GCTaskThread "GC Thread#1" [stack: 0x00000008ae600000,0x00000008ae700000] [id=17644]
  0x000001acde1450d0 GCTaskThread "GC Thread#2" [stack: 0x00000008ae700000,0x00000008ae800000] [id=2696]
  0x000001acde493a50 GCTaskThread "GC Thread#3" [stack: 0x00000008ae800000,0x00000008ae900000] [id=7340]
  0x000001acde493d00 GCTaskThread "GC Thread#4" [stack: 0x00000008ae900000,0x00000008aea00000] [id=20384]
  0x000001acddfb2020 GCTaskThread "GC Thread#5" [stack: 0x00000008aea00000,0x00000008aeb00000] [id=19672]
  0x000001acde139bf0 GCTaskThread "GC Thread#6" [stack: 0x00000008af500000,0x00000008af600000] [id=18116]
  0x000001acdfb96d20 GCTaskThread "GC Thread#7" [stack: 0x00000008af600000,0x00000008af700000] [id=13144]
  0x000001acbecd9dd0 ConcurrentGCThread "G1 Main Marker" [stack: 0x00000008ad300000,0x00000008ad400000] [id=6884]
  0x000001acbecdaf80 ConcurrentGCThread "G1 Conc#0" [stack: 0x00000008ad400000,0x00000008ad500000] [id=17992]
  0x000001acdd6b0070 ConcurrentGCThread "G1 Conc#1" [stack: 0x00000008af700000,0x00000008af800000] [id=8328]
  0x000001acbed2e3b0 ConcurrentGCThread "G1 Refine#0" [stack: 0x00000008ad500000,0x00000008ad600000] [id=3776]
  0x000001acd89aa1b0 ConcurrentGCThread "G1 Service" [stack: 0x00000008ad600000,0x00000008ad700000] [id=11840]

Threads with active compile tasks:
C2 CompilerThread0     4637 3430       4       jdk.internal.jimage.ImageLocation::readValue (61 bytes)
C2 CompilerThread1     4637 3372       4       jdk.internal.jimage.ImageStringsReader::stringFromByteBuffer (73 bytes)
C2 CompilerThread2     4637 3305       4       jdk.internal.org.objectweb.asm.SymbolTable::addConstantMemberReference (147 bytes)

VM state: at safepoint (normal execution)

VM Mutex/Monitor currently owned by a thread:  ([mutex/lock_event])
[0x000001acbec6a100] Threads_lock - owner thread: 0x000001acd8afbd50
[0x000001acbec69770] Heap_lock - owner thread: 0x000001acdea133a0

Heap address: 0x0000000080000000, size: 2048 MB, Compressed Oops mode: 32-bit

CDS archive(s) not mapped
Compressed class space mapped at: 0x0000000100000000-0x0000000140000000, reserved size: 1073741824
Narrow klass base: 0x0000000000000000, Narrow klass shift: 3, Narrow klass range: 0x140000000

GC Precious Log:
 CPUs: 8 total, 8 available
 Memory: 16226M
 Large Page Support: Disabled
 NUMA Support: Disabled
 Compressed Oops: Enabled (32-bit)
 Heap Region Size: 1M
 Heap Min Capacity: 8M
 Heap Initial Capacity: 254M
 Heap Max Capacity: 2G
 Pre-touch: Disabled
 Parallel Workers: 8
 Concurrent Workers: 2
 Concurrent Refinement Workers: 8
 Periodic GC: Disabled

Heap:
 garbage-first heap   total 68608K, used 27527K [0x0000000080000000, 0x0000000100000000)
  region size 1024K, 4 young (4096K), 4 survivors (4096K)
 Metaspace       used 41104K, committed 41472K, reserved 1114112K
  class space    used 5474K, committed 5632K, reserved 1048576K

Heap Regions: E=young(eden), S=young(survivor), O=old, HS=humongous(starts), HC=humongous(continues), CS=collection set, F=free, OA=open archive, CA=closed archive, TAMS=top-at-mark-start (previous, next)
|   0|0x0000000080000000, 0x0000000080100000, 0x0000000080100000|100%|HS|  |TAMS 0x0000000080100000, 0x0000000080000000| Complete 
|   1|0x0000000080100000, 0x0000000080200000, 0x0000000080200000|100%|HC|  |TAMS 0x0000000080200000, 0x0000000080100000| Complete 
|   2|0x0000000080200000, 0x0000000080300000, 0x0000000080300000|100%|HC|  |TAMS 0x0000000080300000, 0x0000000080200000| Complete 
|   3|0x0000000080300000, 0x0000000080400000, 0x0000000080400000|100%|HC|  |TAMS 0x0000000080400000, 0x0000000080300000| Complete 
|   4|0x0000000080400000, 0x0000000080500000, 0x0000000080500000|100%| O|  |TAMS 0x0000000080500000, 0x0000000080400000| Untracked 
|   5|0x0000000080500000, 0x0000000080600000, 0x0000000080600000|100%| O|  |TAMS 0x0000000080600000, 0x0000000080500000| Untracked 
|   6|0x0000000080600000, 0x0000000080700000, 0x0000000080700000|100%| O|  |TAMS 0x0000000080700000, 0x0000000080600000| Untracked 
|   7|0x0000000080700000, 0x0000000080800000, 0x0000000080800000|100%| O|  |TAMS 0x0000000080800000, 0x0000000080700000| Untracked 
|   8|0x0000000080800000, 0x0000000080900000, 0x0000000080900000|100%| O|  |TAMS 0x0000000080900000, 0x0000000080800000| Untracked 
|   9|0x0000000080900000, 0x0000000080a00000, 0x0000000080a00000|100%| O|  |TAMS 0x0000000080a00000, 0x0000000080900000| Untracked 
|  10|0x0000000080a00000, 0x0000000080b00000, 0x0000000080b00000|100%| O|  |TAMS 0x0000000080b00000, 0x0000000080a00000| Untracked 
|  11|0x0000000080b00000, 0x0000000080c00000, 0x0000000080c00000|100%| O|  |TAMS 0x0000000080b00000, 0x0000000080b00000| Untracked 
|  12|0x0000000080c00000, 0x0000000080d00000, 0x0000000080d00000|100%| O|  |TAMS 0x0000000080d00000, 0x0000000080c00000| Untracked 
|  13|0x0000000080d00000, 0x0000000080e00000, 0x0000000080e00000|100%| O|  |TAMS 0x0000000080e00000, 0x0000000080d00000| Untracked 
|  14|0x0000000080e00000, 0x0000000080f00000, 0x0000000080f00000|100%| O|  |TAMS 0x0000000080f00000, 0x0000000080e00000| Untracked 
|  15|0x0000000080f00000, 0x0000000081000000, 0x0000000081000000|100%| O|  |TAMS 0x0000000081000000, 0x0000000080f00000| Untracked 
|  16|0x0000000081000000, 0x0000000081100000, 0x0000000081100000|100%| O|  |TAMS 0x0000000081100000, 0x0000000081000000| Untracked 
|  17|0x0000000081100000, 0x0000000081200000, 0x0000000081200000|100%| O|  |TAMS 0x0000000081200000, 0x0000000081100000| Untracked 
|  18|0x0000000081200000, 0x0000000081300000, 0x0000000081300000|100%| O|  |TAMS 0x0000000081300000, 0x0000000081200000| Untracked 
|  19|0x0000000081300000, 0x0000000081400000, 0x0000000081400000|100%| O|  |TAMS 0x0000000081400000, 0x0000000081300000| Untracked 
|  20|0x0000000081400000, 0x0000000081500000, 0x0000000081500000|100%| O|  |TAMS 0x00000000814b9c00, 0x0000000081400000| Untracked 
|  21|0x0000000081500000, 0x0000000081600000, 0x0000000081600000|100%| O|  |TAMS 0x0000000081500000, 0x0000000081500000| Untracked 
|  22|0x0000000081600000, 0x00000000816e1c00, 0x0000000081700000| 88%| O|  |TAMS 0x0000000081600000, 0x0000000081600000| Untracked 
|  23|0x0000000081700000, 0x0000000081700000, 0x0000000081800000|  0%| F|  |TAMS 0x0000000081700000, 0x0000000081700000| Untracked 
|  24|0x0000000081800000, 0x0000000081800000, 0x0000000081900000|  0%| F|  |TAMS 0x0000000081800000, 0x0000000081800000| Untracked 
|  25|0x0000000081900000, 0x0000000081900000, 0x0000000081a00000|  0%| F|  |TAMS 0x0000000081900000, 0x0000000081900000| Untracked 
|  26|0x0000000081a00000, 0x0000000081a00000, 0x0000000081b00000|  0%| F|  |TAMS 0x0000000081a00000, 0x0000000081a00000| Untracked 
|  27|0x0000000081b00000, 0x0000000081b00000, 0x0000000081c00000|  0%| F|  |TAMS 0x0000000081b00000, 0x0000000081b00000| Untracked 
|  28|0x0000000081c00000, 0x0000000081c00000, 0x0000000081d00000|  0%| F|  |TAMS 0x0000000081c00000, 0x0000000081c00000| Untracked 
|  29|0x0000000081d00000, 0x0000000081d00000, 0x0000000081e00000|  0%| F|  |TAMS 0x0000000081d00000, 0x0000000081d00000| Untracked 
|  30|0x0000000081e00000, 0x0000000081e00000, 0x0000000081f00000|  0%| F|  |TAMS 0x0000000081e00000, 0x0000000081e00000| Untracked 
|  31|0x0000000081f00000, 0x0000000081f00000, 0x0000000082000000|  0%| F|  |TAMS 0x0000000081f00000, 0x0000000081f00000| Untracked 
|  32|0x0000000082000000, 0x0000000082000000, 0x0000000082100000|  0%| F|  |TAMS 0x0000000082000000, 0x0000000082000000| Untracked 
|  33|0x0000000082100000, 0x0000000082200000, 0x0000000082200000|100%| S|CS|TAMS 0x0000000082100000, 0x0000000082100000| Complete 
|  34|0x0000000082200000, 0x0000000082300000, 0x0000000082300000|100%| S|CS|TAMS 0x0000000082200000, 0x0000000082200000| Complete 
|  35|0x0000000082300000, 0x0000000082400000, 0x0000000082400000|100%| S|CS|TAMS 0x0000000082300000, 0x0000000082300000| Complete 
|  36|0x0000000082400000, 0x0000000082500000, 0x0000000082500000|100%| S|CS|TAMS 0x0000000082400000, 0x0000000082400000| Complete 
|  37|0x0000000082500000, 0x0000000082500000, 0x0000000082600000|  0%| F|  |TAMS 0x0000000082500000, 0x0000000082500000| Untracked 
|  38|0x0000000082600000, 0x0000000082600000, 0x0000000082700000|  0%| F|  |TAMS 0x0000000082600000, 0x0000000082600000| Untracked 
|  39|0x0000000082700000, 0x0000000082700000, 0x0000000082800000|  0%| F|  |TAMS 0x0000000082700000, 0x0000000082700000| Untracked 
|  40|0x0000000082800000, 0x0000000082800000, 0x0000000082900000|  0%| F|  |TAMS 0x0000000082800000, 0x0000000082800000| Untracked 
|  41|0x0000000082900000, 0x0000000082900000, 0x0000000082a00000|  0%| F|  |TAMS 0x0000000082900000, 0x0000000082900000| Untracked 
|  42|0x0000000082a00000, 0x0000000082a00000, 0x0000000082b00000|  0%| F|  |TAMS 0x0000000082a00000, 0x0000000082a00000| Untracked 
|  43|0x0000000082b00000, 0x0000000082b00000, 0x0000000082c00000|  0%| F|  |TAMS 0x0000000082b00000, 0x0000000082b00000| Untracked 
|  44|0x0000000082c00000, 0x0000000082c00000, 0x0000000082d00000|  0%| F|  |TAMS 0x0000000082c00000, 0x0000000082c00000| Untracked 
|  45|0x0000000082d00000, 0x0000000082d00000, 0x0000000082e00000|  0%| F|  |TAMS 0x0000000082d00000, 0x0000000082d00000| Untracked 
|  46|0x0000000082e00000, 0x0000000082e00000, 0x0000000082f00000|  0%| F|  |TAMS 0x0000000082e00000, 0x0000000082e00000| Untracked 
|  47|0x0000000082f00000, 0x0000000082f00000, 0x0000000083000000|  0%| F|  |TAMS 0x0000000082f00000, 0x0000000082f00000| Untracked 
|  48|0x0000000083000000, 0x0000000083000000, 0x0000000083100000|  0%| F|  |TAMS 0x0000000083000000, 0x0000000083000000| Untracked 
|  49|0x0000000083100000, 0x0000000083100000, 0x0000000083200000|  0%| F|  |TAMS 0x0000000083100000, 0x0000000083100000| Untracked 
|  50|0x0000000083200000, 0x0000000083200000, 0x0000000083300000|  0%| F|  |TAMS 0x0000000083200000, 0x0000000083200000| Untracked 
|  51|0x0000000083300000, 0x0000000083300000, 0x0000000083400000|  0%| F|  |TAMS 0x0000000083300000, 0x0000000083300000| Untracked 
|  52|0x0000000083400000, 0x0000000083400000, 0x0000000083500000|  0%| F|  |TAMS 0x0000000083400000, 0x0000000083400000| Untracked 
|  53|0x0000000083500000, 0x0000000083500000, 0x0000000083600000|  0%| F|  |TAMS 0x0000000083500000, 0x0000000083500000| Untracked 
|  54|0x0000000083600000, 0x0000000083600000, 0x0000000083700000|  0%| F|  |TAMS 0x0000000083600000, 0x0000000083600000| Untracked 
|  55|0x0000000083700000, 0x0000000083700000, 0x0000000083800000|  0%| F|  |TAMS 0x0000000083700000, 0x0000000083700000| Untracked 
|  56|0x0000000083800000, 0x0000000083800000, 0x0000000083900000|  0%| F|  |TAMS 0x0000000083800000, 0x0000000083800000| Untracked 
|  57|0x0000000083900000, 0x0000000083900000, 0x0000000083a00000|  0%| F|  |TAMS 0x0000000083900000, 0x0000000083900000| Untracked 
| 199|0x000000008c700000, 0x000000008c700000, 0x000000008c800000|  0%| F|  |TAMS 0x000000008c700000, 0x000000008c700000| Untracked 
| 200|0x000000008c800000, 0x000000008c800000, 0x000000008c900000|  0%| F|  |TAMS 0x000000008c800000, 0x000000008c800000| Untracked 
| 201|0x000000008c900000, 0x000000008c900000, 0x000000008ca00000|  0%| F|  |TAMS 0x000000008c900000, 0x000000008c900000| Untracked 
| 202|0x000000008ca00000, 0x000000008ca00000, 0x000000008cb00000|  0%| F|  |TAMS 0x000000008ca00000, 0x000000008ca00000| Untracked 
| 203|0x000000008cb00000, 0x000000008cb00000, 0x000000008cc00000|  0%| F|  |TAMS 0x000000008cb00000, 0x000000008cb00000| Untracked 
| 204|0x000000008cc00000, 0x000000008cc00000, 0x000000008cd00000|  0%| F|  |TAMS 0x000000008cc00000, 0x000000008cc00000| Untracked 
| 205|0x000000008cd00000, 0x000000008cd00000, 0x000000008ce00000|  0%| F|  |TAMS 0x000000008cd00000, 0x000000008cd00000| Untracked 
| 206|0x000000008ce00000, 0x000000008ce00000, 0x000000008cf00000|  0%| F|  |TAMS 0x000000008ce00000, 0x000000008ce00000| Untracked 
| 253|0x000000008fd00000, 0x000000008fd00000, 0x000000008fe00000|  0%| F|  |TAMS 0x000000008fd00000, 0x000000008fd00000| Untracked 

Card table byte_map: [0x000001acd1880000,0x000001acd1c80000] _byte_map_base: 0x000001acd1480000

Marking Bits (Prev, Next): (CMBitMap*) 0x000001acbecc94a0, (CMBitMap*) 0x000001acbecc94e0
 Prev Bits: [0x000001acd2080000, 0x000001acd4080000)
 Next Bits: [0x000001acd4080000, 0x000001acd6080000)

Polling page: 0x000001acbcbe0000

Metaspace:

Usage:
  Non-class:     34.79 MB used.
      Class:      5.35 MB used.
       Both:     40.14 MB used.

Virtual space:
  Non-class space:       64.00 MB reserved,      35.00 MB ( 55%) committed,  1 nodes.
      Class space:        1.00 GB reserved,       5.50 MB ( <1%) committed,  1 nodes.
             Both:        1.06 GB reserved,      40.50 MB (  4%) committed. 

Chunk freelists:
   Non-Class:  12.39 MB
       Class:  10.48 MB
        Both:  22.88 MB

MaxMetaspaceSize: unlimited
CompressedClassSpaceSize: 1.00 GB
Initial GC threshold: 21.00 MB
Current GC threshold: 59.00 MB
CDS: off
MetaspaceReclaimPolicy: balanced
 - commit_granule_bytes: 65536.
 - commit_granule_words: 8192.
 - virtual_space_node_default_size: 8388608.
 - enlarge_chunks_in_place: 1.
 - new_chunks_are_fully_committed: 0.
 - uncommit_free_chunks: 1.
 - use_allocation_guard: 0.
 - handle_deallocations: 1.


Internal statistics:

num_allocs_failed_limit: 6.
num_arena_births: 302.
num_arena_deaths: 0.
num_vsnodes_births: 2.
num_vsnodes_deaths: 0.
num_space_committed: 648.
num_space_uncommitted: 0.
num_chunks_returned_to_freelist: 6.
num_chunks_taken_from_freelist: 1428.
num_chunk_merges: 6.
num_chunk_splits: 963.
num_chunks_enlarged: 698.
num_inconsistent_stats: 0.

CodeHeap 'non-profiled nmethods': size=120000Kb used=1961Kb max_used=1961Kb free=118038Kb
 bounds [0x000001acc9c10000, 0x000001acc9e80000, 0x000001acd1140000]
CodeHeap 'profiled nmethods': size=120000Kb used=7006Kb max_used=7006Kb free=112993Kb
 bounds [0x000001acc2140000, 0x000001acc2820000, 0x000001acc9670000]
CodeHeap 'non-nmethods': size=5760Kb used=1586Kb max_used=1670Kb free=4173Kb
 bounds [0x000001acc9670000, 0x000001acc98e0000, 0x000001acc9c10000]
 total_blobs=4078 nmethods=3427 adapters=563
 compilation: enabled
              stopped_count=0, restarted_count=0
 full_count=0

Compilation events (20 events):
Event: 4.604 Thread 0x000001acdd09a820 3427       3       jdk.internal.jrtfs.JrtPath::resolve (125 bytes)
Event: 4.606 Thread 0x000001acdd09a820 nmethod 3427 0x000001acc2811610 code [0x000001acc28119a0, 0x000001acc28131c8]
Event: 4.606 Thread 0x000001acdd09a820 3428       3       jdk.internal.jrtfs.JrtPath::checkPath (47 bytes)
Event: 4.606 Thread 0x000001acdd311ca0 nmethod 3367 0x000001acc9df7790 code [0x000001acc9df7920, 0x000001acc9df7d58]
Event: 4.606 Thread 0x000001acdd311ca0 3372       4       jdk.internal.jimage.ImageStringsReader::stringFromByteBuffer (73 bytes)
Event: 4.607 Thread 0x000001acdd09a820 nmethod 3428 0x000001acc2813a90 code [0x000001acc2813d20, 0x000001acc2814898]
Event: 4.607 Thread 0x000001acdd09a820 3434       3       jdk.internal.jrtfs.JrtFileSystem$$Lambda$504/0x000000010056c7b0::test (12 bytes)
Event: 4.607 Thread 0x000001acdd09a820 nmethod 3434 0x000001acc2814c10 code [0x000001acc2814de0, 0x000001acc2815278]
Event: 4.607 Thread 0x000001acdd09a820 3435   !   3       jdk.internal.jrtfs.JrtFileSystem::lambda$iteratorOf$3 (11 bytes)
Event: 4.607 Thread 0x000001acdd09a820 nmethod 3435 0x000001acc2815490 code [0x000001acc2815640, 0x000001acc2815978]
Event: 4.607 Thread 0x000001acdd09a820 3436       3       java.util.stream.StreamSpliterators$WrappingSpliterator$$Lambda$505/0x000000010056ccb0::accept (9 bytes)
Event: 4.607 Thread 0x000001acdd09a820 nmethod 3436 0x000001acc2815b10 code [0x000001acc2815cc0, 0x000001acc2815e88]
Event: 4.607 Thread 0x000001acdd09a820 3437       3       jdk.internal.jrtfs.JrtDirectoryStream$1::next (5 bytes)
Event: 4.608 Thread 0x000001acdd09a820 nmethod 3437 0x000001acc2815f90 code [0x000001acc2816140, 0x000001acc2816288]
Event: 4.608 Thread 0x000001acdd09a820 3438   !   3       jdk.internal.jrtfs.JrtDirectoryStream$1::next (48 bytes)
Event: 4.608 Thread 0x000001acdd09a820 nmethod 3438 0x000001acc2816310 code [0x000001acc28164e0, 0x000001acc28169b8]
Event: 4.608 Thread 0x000001acdd091d70 nmethod 3346 0x000001acc9df7f90 code [0x000001acc9df81a0, 0x000001acc9df9d00]
Event: 4.608 Thread 0x000001acdd09a820 3439       3       java.util.stream.SpinedBuffer::get (123 bytes)
Event: 4.608 Thread 0x000001acdd091d70 3430       4       jdk.internal.jimage.ImageLocation::readValue (61 bytes)
Event: 4.609 Thread 0x000001acdd09a820 nmethod 3439 0x000001acc2816c90 code [0x000001acc2816ee0, 0x000001acc28176d8]

GC Heap History (17 events):
Event: 0.832 GC heap before
{Heap before GC invocations=0 (full 0):
 garbage-first heap   total 260096K, used 26624K [0x0000000080000000, 0x0000000100000000)
  region size 1024K, 23 young (23552K), 0 survivors (0K)
 Metaspace       used 10478K, committed 10688K, reserved 1114112K
  class space    used 1088K, committed 1216K, reserved 1048576K
}
Event: 0.836 GC heap after
{Heap after GC invocations=1 (full 0):
 garbage-first heap   total 260096K, used 10261K [0x0000000080000000, 0x0000000100000000)
  region size 1024K, 3 young (3072K), 3 survivors (3072K)
 Metaspace       used 10478K, committed 10688K, reserved 1114112K
  class space    used 1088K, committed 1216K, reserved 1048576K
}
Event: 1.276 GC heap before
{Heap before GC invocations=1 (full 0):
 garbage-first heap   total 260096K, used 39957K [0x0000000080000000, 0x0000000100000000)
  region size 1024K, 31 young (31744K), 3 survivors (3072K)
 Metaspace       used 11461K, committed 11648K, reserved 1114112K
  class space    used 1194K, committed 1280K, reserved 1048576K
}
Event: 1.279 GC heap after
{Heap after GC invocations=2 (full 0):
 garbage-first heap   total 260096K, used 13027K [0x0000000080000000, 0x0000000100000000)
  region size 1024K, 3 young (3072K), 3 survivors (3072K)
 Metaspace       used 11461K, committed 11648K, reserved 1114112K
  class space    used 1194K, committed 1280K, reserved 1048576K
}
Event: 2.227 GC heap before
{Heap before GC invocations=2 (full 0):
 garbage-first heap   total 260096K, used 57059K [0x0000000080000000, 0x0000000100000000)
  region size 1024K, 47 young (48128K), 3 survivors (3072K)
 Metaspace       used 21280K, committed 21504K, reserved 1114112K
  class space    used 2577K, committed 2688K, reserved 1048576K
}
Event: 2.232 GC heap after
{Heap after GC invocations=3 (full 0):
 garbage-first heap   total 260096K, used 18177K [0x0000000080000000, 0x0000000100000000)
  region size 1024K, 8 young (8192K), 8 survivors (8192K)
 Metaspace       used 21280K, committed 21504K, reserved 1114112K
  class space    used 2577K, committed 2688K, reserved 1048576K
}
Event: 2.750 GC heap before
{Heap before GC invocations=4 (full 0):
 garbage-first heap   total 68608K, used 50945K [0x0000000080000000, 0x0000000100000000)
  region size 1024K, 40 young (40960K), 8 survivors (8192K)
 Metaspace       used 25898K, committed 26240K, reserved 1114112K
  class space    used 3386K, committed 3520K, reserved 1048576K
}
Event: 2.755 GC heap after
{Heap after GC invocations=5 (full 0):
 garbage-first heap   total 68608K, used 20438K [0x0000000080000000, 0x0000000100000000)
  region size 1024K, 3 young (3072K), 3 survivors (3072K)
 Metaspace       used 25898K, committed 26240K, reserved 1114112K
  class space    used 3386K, committed 3520K, reserved 1048576K
}
Event: 2.770 GC heap before
{Heap before GC invocations=5 (full 0):
 garbage-first heap   total 68608K, used 21462K [0x0000000080000000, 0x0000000100000000)
  region size 1024K, 4 young (4096K), 3 survivors (3072K)
 Metaspace       used 26041K, committed 26304K, reserved 1114112K
  class space    used 3411K, committed 3520K, reserved 1048576K
}
Event: 2.772 GC heap after
{Heap after GC invocations=6 (full 0):
 garbage-first heap   total 68608K, used 20555K [0x0000000080000000, 0x0000000100000000)
  region size 1024K, 1 young (1024K), 1 survivors (1024K)
 Metaspace       used 26041K, committed 26304K, reserved 1114112K
  class space    used 3411K, committed 3520K, reserved 1048576K
}
Event: 3.253 GC heap before
{Heap before GC invocations=6 (full 0):
 garbage-first heap   total 68608K, used 47179K [0x0000000080000000, 0x0000000100000000)
  region size 1024K, 28 young (28672K), 1 survivors (1024K)
 Metaspace       used 29852K, committed 30144K, reserved 1114112K
  class space    used 4026K, committed 4160K, reserved 1048576K
}
Event: 3.255 GC heap after
{Heap after GC invocations=7 (full 0):
 garbage-first heap   total 68608K, used 21763K [0x0000000080000000, 0x0000000100000000)
  region size 1024K, 2 young (2048K), 2 survivors (2048K)
 Metaspace       used 29852K, committed 30144K, reserved 1114112K
  class space    used 4026K, committed 4160K, reserved 1048576K
}
Event: 3.637 GC heap before
{Heap before GC invocations=7 (full 0):
 garbage-first heap   total 68608K, used 49411K [0x0000000080000000, 0x0000000100000000)
  region size 1024K, 30 young (30720K), 2 survivors (2048K)
 Metaspace       used 33787K, committed 34048K, reserved 1114112K
  class space    used 4647K, committed 4736K, reserved 1048576K
}
Event: 3.748 GC heap after
{Heap after GC invocations=8 (full 0):
 garbage-first heap   total 68608K, used 22925K [0x0000000080000000, 0x0000000100000000)
  region size 1024K, 3 young (3072K), 3 survivors (3072K)
 Metaspace       used 33787K, committed 34048K, reserved 1114112K
  class space    used 4647K, committed 4736K, reserved 1048576K
}
Event: 3.958 GC heap before
{Heap before GC invocations=8 (full 0):
 garbage-first heap   total 68608K, used 33165K [0x0000000080000000, 0x0000000100000000)
  region size 1024K, 14 young (14336K), 3 survivors (3072K)
 Metaspace       used 35631K, committed 35968K, reserved 1114112K
  class space    used 4945K, committed 5120K, reserved 1048576K
}
Event: 4.030 GC heap after
{Heap after GC invocations=9 (full 0):
 garbage-first heap   total 68608K, used 24008K [0x0000000080000000, 0x0000000100000000)
  region size 1024K, 3 young (3072K), 3 survivors (3072K)
 Metaspace       used 35631K, committed 35968K, reserved 1114112K
  class space    used 4945K, committed 5120K, reserved 1048576K
}
Event: 4.609 GC heap before
{Heap before GC invocations=10 (full 0):
 garbage-first heap   total 68608K, used 50632K [0x0000000080000000, 0x0000000100000000)
  region size 1024K, 30 young (30720K), 3 survivors (3072K)
 Metaspace       used 41104K, committed 41472K, reserved 1114112K
  class space    used 5474K, committed 5632K, reserved 1048576K
}

Dll operation events (3 events):
Event: 0.008 Loaded shared library Z:\Android  Hedgehog\jbr\bin\java.dll
Event: 0.138 Loaded shared library Z:\Android  Hedgehog\jbr\bin\zip.dll
Event: 0.429 Loaded shared library Z:\Android  Hedgehog\jbr\bin\verify.dll

Deoptimization events (20 events):
Event: 3.929 Thread 0x000001acdea133a0 Uncommon trap: trap_request=0xffffffc6 fr.pc=0x000001acc9dbaf8c relative=0x000000000000066c
Event: 3.929 Thread 0x000001acdea133a0 Uncommon trap: reason=bimorphic_or_optimized_type_check action=maybe_recompile pc=0x000001acc9dbaf8c method=java.io.BufferedInputStream.read([BII)I @ 101 c2
Event: 3.929 Thread 0x000001acdea133a0 DEOPT PACKING pc=0x000001acc9dbaf8c sp=0x00000008af1f7e50
Event: 3.929 Thread 0x000001acdea133a0 DEOPT UNPACKING pc=0x000001acc96c69a3 sp=0x00000008af1f7e08 mode 2
Event: 3.951 Thread 0x000001acdea133a0 Uncommon trap: trap_request=0xffffff45 fr.pc=0x000001acc9db5cbc relative=0x00000000000005dc
Event: 3.951 Thread 0x000001acdea133a0 Uncommon trap: reason=unstable_if action=reinterpret pc=0x000001acc9db5cbc method=jdk.internal.org.objectweb.asm.MethodWriter.visitVarInsn(II)V @ 108 c2
Event: 3.951 Thread 0x000001acdea133a0 DEOPT PACKING pc=0x000001acc9db5cbc sp=0x00000008af1f0f80
Event: 3.951 Thread 0x000001acdea133a0 DEOPT UNPACKING pc=0x000001acc96c69a3 sp=0x00000008af1f0f48 mode 2
Event: 4.442 Thread 0x000001acdea133a0 Uncommon trap: trap_request=0xffffff54 fr.pc=0x000001acc9cb3428 relative=0x0000000000001368
Event: 4.442 Thread 0x000001acdea133a0 Uncommon trap: reason=speculate_null_assert action=make_not_entrant pc=0x000001acc9cb3428 method=jdk.internal.loader.URLClassPath$JarLoader.getResource(Ljava/lang/String;ZLjava/util/Set;)Ljdk/internal/loader/Resource; @ 17 c2
Event: 4.442 Thread 0x000001acdea133a0 DEOPT PACKING pc=0x000001acc9cb3428 sp=0x00000008af1f6c60
Event: 4.442 Thread 0x000001acdea133a0 DEOPT UNPACKING pc=0x000001acc96c69a3 sp=0x00000008af1f6bf8 mode 2
Event: 4.452 Thread 0x000001acdea133a0 Uncommon trap: trap_request=0xffffffbe fr.pc=0x000001acc9de2d5c relative=0x000000000000315c
Event: 4.452 Thread 0x000001acdea133a0 Uncommon trap: reason=profile_predicate action=maybe_recompile pc=0x000001acc9de2d5c method=java.util.AbstractCollection.addAll(Ljava/util/Collection;)Z @ 15 c2
Event: 4.452 Thread 0x000001acdea133a0 DEOPT PACKING pc=0x000001acc9de2d5c sp=0x00000008af1f7e60
Event: 4.452 Thread 0x000001acdea133a0 DEOPT UNPACKING pc=0x000001acc96c69a3 sp=0x00000008af1f7e58 mode 2
Event: 4.495 Thread 0x000001acdea133a0 Uncommon trap: trap_request=0xffffffc6 fr.pc=0x000001acc9d8763c relative=0x000000000000439c
Event: 4.495 Thread 0x000001acdea133a0 Uncommon trap: reason=bimorphic_or_optimized_type_check action=maybe_recompile pc=0x000001acc9d8763c method=java.net.URL.<init>(Ljava/net/URL;Ljava/lang/String;Ljava/net/URLStreamHandler;)V @ 504 c2
Event: 4.495 Thread 0x000001acdea133a0 DEOPT PACKING pc=0x000001acc9d8763c sp=0x00000008af1f75f0
Event: 4.495 Thread 0x000001acdea133a0 DEOPT UNPACKING pc=0x000001acc96c69a3 sp=0x00000008af1f7590 mode 2

Classes unloaded (0 events):
No events

Classes redefined (0 events):
No events

Internal exceptions (20 events):
Event: 3.781 Thread 0x000001acdea133a0 Exception <a 'java/lang/NoSuchMethodError'{0x000000008fdcde70}: 'int java.lang.invoke.DirectMethodHandle$Holder.invokeStaticInit(java.lang.Object, java.lang.Object, java.lang.Object)'> (0x000000008fdcde70) 
thrown [s\src\hotspot\share\interpreter\linkResolver.cpp, line 771]
Event: 3.783 Thread 0x000001acdea133a0 Exception <a 'java/lang/NoSuchMethodError'{0x000000008fde3bb0}: 'java.lang.Object java.lang.invoke.DirectMethodHandle$Holder.newInvokeSpecial(java.lang.Object, java.lang.Object, long)'> (0x000000008fde3bb0) 
thrown [s\src\hotspot\share\interpreter\linkResolver.cpp, line 771]
Event: 3.783 Thread 0x000001acdea133a0 Exception <a 'java/lang/NoSuchMethodError'{0x000000008fde81c0}: 'java.lang.Object java.lang.invoke.Invokers$Holder.linkToTargetMethod(java.lang.Object, long, java.lang.Object)'> (0x000000008fde81c0) 
thrown [s\src\hotspot\share\interpreter\linkResolver.cpp, line 771]
Event: 3.797 Thread 0x000001acdea133a0 Exception <a 'java/lang/NoSuchMethodError'{0x000000008cd0ecc0}: 'int java.lang.invoke.DirectMethodHandle$Holder.invokeInterface(java.lang.Object, java.lang.Object)'> (0x000000008cd0ecc0) 
thrown [s\src\hotspot\share\interpreter\linkResolver.cpp, line 771]
Event: 3.799 Thread 0x000001acdea133a0 Exception <a 'java/lang/NoSuchMethodError'{0x000000008cd36498}: 'java.lang.Object java.lang.invoke.DirectMethodHandle$Holder.invokeStatic(java.lang.Object, java.lang.Object, int, java.lang.Object)'> (0x000000008cd36498) 
thrown [s\src\hotspot\share\interpreter\linkResolver.cpp, line 771]
Event: 3.799 Thread 0x000001acdea133a0 Exception <a 'java/lang/NoSuchMethodError'{0x000000008cd3e050}: 'java.lang.Object java.lang.invoke.DirectMethodHandle$Holder.newInvokeSpecial(java.lang.Object, java.lang.Object, int, java.lang.Object)'> (0x000000008cd3e050) 
thrown [s\src\hotspot\share\interpreter\linkResolver.cpp, line 771]
Event: 3.799 Thread 0x000001acdea133a0 Exception <a 'java/lang/NoSuchMethodError'{0x000000008cd42938}: 'java.lang.Object java.lang.invoke.DirectMethodHandle$Holder.invokeSpecial(java.lang.Object, java.lang.Object, java.lang.Object, int, java.lang.Object)'> (0x000000008cd42938) 
thrown [s\src\hotspot\share\interpreter\linkResolver.cpp, line 771]
Event: 3.884 Thread 0x000001acdea133a0 Exception <a 'java/lang/NoSuchMethodError'{0x000000008caecd08}: 'java.lang.Object java.lang.invoke.DirectMethodHandle$Holder.invokeSpecial(java.lang.Object, java.lang.Object, java.lang.Object, int, java.lang.Object, java.lang.Object)'> (0x000000008caecd08) 
thrown [s\src\hotspot\share\interpreter\linkResolver.cpp, line 771]
Event: 3.951 Thread 0x000001acdea133a0 Implicit null exception at 0x000001acc9db57a0 to 0x000001acc9db5cb0
Event: 4.087 Thread 0x000001acdea133a0 Exception <a 'java/lang/NoSuchMethodError'{0x000000008ce4c5d8}: 'void java.lang.invoke.DirectMethodHandle$Holder.invokeStaticInit(java.lang.Object, java.lang.Object, java.lang.Object)'> (0x000000008ce4c5d8) 
thrown [s\src\hotspot\share\interpreter\linkResolver.cpp, line 771]
Event: 4.088 Thread 0x000001acdea133a0 Exception <a 'java/lang/NoSuchMethodError'{0x000000008ce53a78}: 'void java.lang.invoke.DirectMethodHandle$Holder.invokeStaticInit(java.lang.Object, java.lang.Object, java.lang.Object, java.lang.Object)'> (0x000000008ce53a78) 
thrown [s\src\hotspot\share\interpreter\linkResolver.cpp, line 771]
Event: 4.091 Thread 0x000001acdea133a0 Exception <a 'java/lang/NoSuchMethodError'{0x000000008ce75c40}: 'void java.lang.invoke.DirectMethodHandle$Holder.invokeStaticInit(java.lang.Object, java.lang.Object, java.lang.Object, java.lang.Object, java.lang.Object)'> (0x000000008ce75c40) 
thrown [s\src\hotspot\share\interpreter\linkResolver.cpp, line 771]
Event: 4.171 Thread 0x000001acdea133a0 Exception <a 'java/lang/NoSuchMethodError'{0x000000008ced0040}: 'int java.lang.invoke.DirectMethodHandle$Holder.invokeStaticInit(java.lang.Object, java.lang.Object, java.lang.Object, java.lang.Object)'> (0x000000008ced0040) 
thrown [s\src\hotspot\share\interpreter\linkResolver.cpp, line 771]
Event: 4.443 Thread 0x000001acdea133a0 Exception <a 'java/lang/ClassNotFoundException'{0x00000000833a0dc8}: groovy/lang/ExpandoMetaClassBeanInfo> (0x00000000833a0dc8) 
thrown [s\src\hotspot\share\classfile\systemDictionary.cpp, line 256]
Event: 4.443 Thread 0x000001acdea133a0 Exception <a 'java/lang/ClassNotFoundException'{0x00000000833b7a00}: groovy/lang/MetaClassImplBeanInfo> (0x00000000833b7a00) 
thrown [s\src\hotspot\share\classfile\systemDictionary.cpp, line 256]
Event: 4.444 Thread 0x000001acdea133a0 Exception <a 'java/lang/ClassNotFoundException'{0x00000000833bd360}: java/lang/ObjectBeanInfo> (0x00000000833bd360) 
thrown [s\src\hotspot\share\classfile\systemDictionary.cpp, line 256]
Event: 4.444 Thread 0x000001acdea133a0 Exception <a 'java/lang/ClassNotFoundException'{0x00000000833c3700}: java/lang/ObjectCustomizer> (0x00000000833c3700) 
thrown [s\src\hotspot\share\classfile\systemDictionary.cpp, line 256]
Event: 4.446 Thread 0x000001acdea133a0 Exception <a 'java/lang/IncompatibleClassChangeError'{0x00000000833d3130}: Found class java.lang.Object, but interface was expected> (0x00000000833d3130) 
thrown [s\src\hotspot\share\interpreter\linkResolver.cpp, line 838]
Event: 4.448 Thread 0x000001acdea133a0 Exception <a 'java/lang/ClassNotFoundException'{0x00000000833f8e68}: groovy/lang/MetaClassImplCustomizer> (0x00000000833f8e68) 
thrown [s\src\hotspot\share\classfile\systemDictionary.cpp, line 256]
Event: 4.450 Thread 0x000001acdea133a0 Exception <a 'java/lang/ClassNotFoundException'{0x000000008322f628}: groovy/lang/ExpandoMetaClassCustomizer> (0x000000008322f628) 
thrown [s\src\hotspot\share\classfile\systemDictionary.cpp, line 256]

VM Operations (20 events):
Event: 4.087 Executing VM operation: G1Concurrent done
Event: 4.094 Executing VM operation: G1Concurrent
Event: 4.136 Executing VM operation: G1Concurrent done
Event: 4.391 Executing VM operation: HandshakeAllThreads
Event: 4.391 Executing VM operation: HandshakeAllThreads done
Event: 4.421 Executing VM operation: HandshakeAllThreads
Event: 4.421 Executing VM operation: HandshakeAllThreads done
Event: 4.495 Executing VM operation: HandshakeAllThreads
Event: 4.495 Executing VM operation: HandshakeAllThreads done
Event: 4.495 Executing VM operation: HandshakeAllThreads
Event: 4.495 Executing VM operation: HandshakeAllThreads done
Event: 4.499 Executing VM operation: HandshakeAllThreads
Event: 4.499 Executing VM operation: HandshakeAllThreads done
Event: 4.502 Executing VM operation: HandshakeAllThreads
Event: 4.503 Executing VM operation: HandshakeAllThreads done
Event: 4.510 Executing VM operation: HandshakeAllThreads
Event: 4.510 Executing VM operation: HandshakeAllThreads done
Event: 4.564 Executing VM operation: HandshakeAllThreads
Event: 4.564 Executing VM operation: HandshakeAllThreads done
Event: 4.609 Executing VM operation: G1CollectForAllocation

Events (20 events):
Event: 4.563 loading class jdk/internal/jimage/ImageReader$Directory
Event: 4.563 loading class jdk/internal/jimage/ImageReader$Node
Event: 4.563 loading class jdk/internal/jimage/ImageReader$Node done
Event: 4.563 loading class jdk/internal/jimage/ImageReader$Directory done
Event: 4.563 loading class jdk/internal/jrtfs/SystemImage$1
Event: 4.563 loading class jdk/internal/jrtfs/SystemImage$1 done
Event: 4.563 loading class jdk/internal/jimage/ImageReader$SharedImageReader$LocationVisitor
Event: 4.563 loading class jdk/internal/jimage/ImageReader$SharedImageReader$LocationVisitor done
Event: 4.564 loading class java/nio/ByteBufferAsIntBufferL
Event: 4.564 loading class java/nio/ByteBufferAsIntBufferL done
Event: 4.565 loading class jdk/internal/jrtfs/JrtFileAttributes
Event: 4.565 loading class jdk/internal/jrtfs/JrtFileAttributes done
Event: 4.565 loading class jdk/internal/jrtfs/JrtDirectoryStream
Event: 4.565 loading class jdk/internal/jrtfs/JrtDirectoryStream done
Event: 4.566 loading class jdk/internal/jrtfs/JrtDirectoryStream$1
Event: 4.566 loading class jdk/internal/jrtfs/JrtDirectoryStream$1 done
Event: 4.566 loading class java/util/function/BooleanSupplier
Event: 4.566 loading class java/util/function/BooleanSupplier done
Event: 4.566 loading class jdk/internal/jimage/ImageReader$Resource
Event: 4.566 loading class jdk/internal/jimage/ImageReader$Resource done


Dynamic libraries:
0x00007ff74ea70000 - 0x00007ff74ea7a000 	Z:\Android  Hedgehog\jbr\bin\java.exe
0x00007ffd926b0000 - 0x00007ffd928c6000 	C:\WINDOWS\SYSTEM32\ntdll.dll
0x00007ffd91270000 - 0x00007ffd91334000 	C:\WINDOWS\System32\KERNEL32.DLL
0x00007ffd8f9d0000 - 0x00007ffd8fd77000 	C:\WINDOWS\System32\KERNELBASE.dll
0x00007ffd902c0000 - 0x00007ffd903d1000 	C:\WINDOWS\System32\ucrtbase.dll
0x00007ffd757e0000 - 0x00007ffd757f7000 	Z:\Android  Hedgehog\jbr\bin\jli.dll
0x00007ffd7b2b0000 - 0x00007ffd7b2cb000 	Z:\Android  Hedgehog\jbr\bin\VCRUNTIME140.dll
0x00007ffd922d0000 - 0x00007ffd9247e000 	C:\WINDOWS\System32\USER32.dll
0x00007ffd719a0000 - 0x00007ffd71c33000 	C:\WINDOWS\WinSxS\amd64_microsoft.windows.common-controls_6595b64144ccf1df_6.0.22621.3235_none_270f74e173860f98\COMCTL32.dll
0x00007ffd901d0000 - 0x00007ffd901f6000 	C:\WINDOWS\System32\win32u.dll
0x00007ffd90e50000 - 0x00007ffd90ef7000 	C:\WINDOWS\System32\msvcrt.dll
0x00007ffd916d0000 - 0x00007ffd916f9000 	C:\WINDOWS\System32\GDI32.dll
0x00007ffd90080000 - 0x00007ffd90199000 	C:\WINDOWS\System32\gdi32full.dll
0x00007ffd8ffe0000 - 0x00007ffd9007a000 	C:\WINDOWS\System32\msvcp_win.dll
0x00007ffd92630000 - 0x00007ffd92661000 	C:\WINDOWS\System32\IMM32.DLL
0x00007ffd88d60000 - 0x00007ffd88d6c000 	Z:\Android  Hedgehog\jbr\bin\vcruntime140_1.dll
0x00007ffd63cf0000 - 0x00007ffd63d7d000 	Z:\Android  Hedgehog\jbr\bin\msvcp140.dll
0x00007ffd62470000 - 0x00007ffd630f0000 	Z:\Android  Hedgehog\jbr\bin\server\jvm.dll
0x00007ffd90fb0000 - 0x00007ffd91062000 	C:\WINDOWS\System32\ADVAPI32.dll
0x00007ffd90f00000 - 0x00007ffd90fa8000 	C:\WINDOWS\System32\sechost.dll
0x00007ffd901a0000 - 0x00007ffd901c8000 	C:\WINDOWS\System32\bcrypt.dll
0x00007ffd91070000 - 0x00007ffd91185000 	C:\WINDOWS\System32\RPCRT4.dll
0x00007ffd73ea0000 - 0x00007ffd73ea9000 	C:\WINDOWS\SYSTEM32\WSOCK32.dll
0x00007ffd7ce50000 - 0x00007ffd7ce84000 	C:\WINDOWS\SYSTEM32\WINMM.dll
0x00007ffd89100000 - 0x00007ffd8910a000 	C:\WINDOWS\SYSTEM32\VERSION.dll
0x00007ffd91700000 - 0x00007ffd91771000 	C:\WINDOWS\System32\WS2_32.dll
0x00007ffd8eb00000 - 0x00007ffd8eb18000 	C:\WINDOWS\SYSTEM32\kernel.appcore.dll
0x00007ffd8c590000 - 0x00007ffd8c59a000 	Z:\Android  Hedgehog\jbr\bin\jimage.dll
0x00007ffd7c420000 - 0x00007ffd7c653000 	C:\WINDOWS\SYSTEM32\DBGHELP.DLL
0x00007ffd91f20000 - 0x00007ffd922a8000 	C:\WINDOWS\System32\combase.dll
0x00007ffd91190000 - 0x00007ffd91267000 	C:\WINDOWS\System32\OLEAUT32.dll
0x00007ffd75c90000 - 0x00007ffd75cc2000 	C:\WINDOWS\SYSTEM32\dbgcore.DLL
0x00007ffd8ff60000 - 0x00007ffd8ffd9000 	C:\WINDOWS\System32\bcryptPrimitives.dll
0x00007ffd75b40000 - 0x00007ffd75b4e000 	Z:\Android  Hedgehog\jbr\bin\instrument.dll
0x00007ffd75b70000 - 0x00007ffd75b95000 	Z:\Android  Hedgehog\jbr\bin\java.dll
0x00007ffd8b080000 - 0x00007ffd8b098000 	Z:\Android  Hedgehog\jbr\bin\zip.dll
0x00007ffd90490000 - 0x00007ffd90cec000 	C:\WINDOWS\System32\SHELL32.dll
0x00007ffd8d940000 - 0x00007ffd8e239000 	C:\WINDOWS\SYSTEM32\windows.storage.dll
0x00007ffd8d800000 - 0x00007ffd8d93e000 	C:\WINDOWS\SYSTEM32\wintypes.dll
0x00007ffd90d50000 - 0x00007ffd90e43000 	C:\WINDOWS\System32\SHCORE.dll
0x00007ffd919a0000 - 0x00007ffd919fe000 	C:\WINDOWS\System32\shlwapi.dll
0x00007ffd8f900000 - 0x00007ffd8f921000 	C:\WINDOWS\SYSTEM32\profapi.dll
0x00007ffd8a550000 - 0x00007ffd8a569000 	Z:\Android  Hedgehog\jbr\bin\net.dll
0x00007ffd89320000 - 0x00007ffd89456000 	C:\WINDOWS\SYSTEM32\WINHTTP.dll
0x00007ffd8ef70000 - 0x00007ffd8efd9000 	C:\WINDOWS\system32\mswsock.dll
0x00007ffd88d70000 - 0x00007ffd88d86000 	Z:\Android  Hedgehog\jbr\bin\nio.dll
0x00007ffd88750000 - 0x00007ffd88760000 	Z:\Android  Hedgehog\jbr\bin\verify.dll
0x00007ffd77230000 - 0x00007ffd77257000 	C:\Users\91700\.gradle\native\68d5fa5c4cc2d200863cafc0d521ce42e7d3e7ee720ec0a83991735586a16f82\windows-amd64\native-platform.dll
0x00007ffd05bb0000 - 0x00007ffd05cf4000 	C:\Users\91700\.gradle\native\e376f236ea51e6404a007f0833ffe2c6e607c4080706a723a18a27aeea778392\windows-amd64\native-platform-file-events.dll
0x00007ffd88740000 - 0x00007ffd88749000 	Z:\Android  Hedgehog\jbr\bin\management.dll
0x00007ffd884d0000 - 0x00007ffd884db000 	Z:\Android  Hedgehog\jbr\bin\management_ext.dll
0x00007ffd91f10000 - 0x00007ffd91f18000 	C:\WINDOWS\System32\PSAPI.DLL
0x00007ffd8f1e0000 - 0x00007ffd8f1fb000 	C:\WINDOWS\SYSTEM32\CRYPTSP.dll
0x00007ffd8ea60000 - 0x00007ffd8ea95000 	C:\WINDOWS\system32\rsaenh.dll
0x00007ffd8f070000 - 0x00007ffd8f098000 	C:\WINDOWS\SYSTEM32\USERENV.dll
0x00007ffd8f1d0000 - 0x00007ffd8f1dc000 	C:\WINDOWS\SYSTEM32\CRYPTBASE.dll
0x00007ffd8e510000 - 0x00007ffd8e53d000 	C:\WINDOWS\SYSTEM32\IPHLPAPI.DLL
0x00007ffd90480000 - 0x00007ffd90489000 	C:\WINDOWS\System32\NSI.dll
0x00007ffd89270000 - 0x00007ffd89289000 	C:\WINDOWS\SYSTEM32\dhcpcsvc6.DLL
0x00007ffd89250000 - 0x00007ffd8926f000 	C:\WINDOWS\SYSTEM32\dhcpcsvc.DLL
0x00007ffd8e580000 - 0x00007ffd8e679000 	C:\WINDOWS\SYSTEM32\DNSAPI.dll
0x00007ffd25ec0000 - 0x00007ffd25ec8000 	C:\WINDOWS\system32\wshunix.dll

dbghelp: loaded successfully - version: 4.0.5 - missing functions: none
symbol engine: initialized successfully - sym options: 0x614 - pdb path: .;Z:\Android  Hedgehog\jbr\bin;C:\WINDOWS\SYSTEM32;C:\WINDOWS\WinSxS\amd64_microsoft.windows.common-controls_6595b64144ccf1df_6.0.22621.3235_none_270f74e173860f98;Z:\Android  Hedgehog\jbr\bin\server;C:\Users\91700\.gradle\native\68d5fa5c4cc2d200863cafc0d521ce42e7d3e7ee720ec0a83991735586a16f82\windows-amd64;C:\Users\91700\.gradle\native\e376f236ea51e6404a007f0833ffe2c6e607c4080706a723a18a27aeea778392\windows-amd64

VM Arguments:
jvm_args: --add-opens=java.base/java.util=ALL-UNNAMED --add-opens=java.base/java.lang=ALL-UNNAMED --add-opens=java.base/java.lang.invoke=ALL-UNNAMED --add-opens=java.prefs/java.util.prefs=ALL-UNNAMED --add-opens=java.base/java.nio.charset=ALL-UNNAMED --add-opens=java.base/java.net=ALL-UNNAMED --add-opens=java.base/java.util.concurrent.atomic=ALL-UNNAMED -Xmx2048m -Dfile.encoding=UTF-8 -Duser.country=US -Duser.language=en -Duser.variant -javaagent:C:\Users\91700\.gradle\wrapper\dists\gradle-8.2-bin\bbg7u40eoinfdyxsxr3z4i7ta\gradle-8.2\lib\agents\gradle-instrumentation-agent-8.2.jar 
java_command: org.gradle.launcher.daemon.bootstrap.GradleDaemon 8.2
java_class_path (initial): C:\Users\91700\.gradle\wrapper\dists\gradle-8.2-bin\bbg7u40eoinfdyxsxr3z4i7ta\gradle-8.2\lib\gradle-launcher-8.2.jar
Launcher Type: SUN_STANDARD

[Global flags]
     intx CICompilerCount                          = 4                                         {product} {ergonomic}
     uint ConcGCThreads                            = 2                                         {product} {ergonomic}
     uint G1ConcRefinementThreads                  = 8                                         {product} {ergonomic}
   size_t G1HeapRegionSize                         = 1048576                                   {product} {ergonomic}
    uintx GCDrainStackTargetSize                   = 64                                        {product} {ergonomic}
   size_t InitialHeapSize                          = 266338304                                 {product} {ergonomic}
   size_t MarkStackSize                            = 4194304                                   {product} {ergonomic}
   size_t MaxHeapSize                              = 2147483648                                {product} {command line}
   size_t MaxNewSize                               = 1287651328                                {product} {ergonomic}
   size_t MinHeapDeltaBytes                        = 1048576                                   {product} {ergonomic}
   size_t MinHeapSize                              = 8388608                                   {product} {ergonomic}
    uintx NonNMethodCodeHeapSize                   = 5839372                                {pd product} {ergonomic}
    uintx NonProfiledCodeHeapSize                  = 122909434                              {pd product} {ergonomic}
    uintx ProfiledCodeHeapSize                     = 122909434                              {pd product} {ergonomic}
    uintx ReservedCodeCacheSize                    = 251658240                              {pd product} {ergonomic}
     bool SegmentedCodeCache                       = true                                      {product} {ergonomic}
   size_t SoftMaxHeapSize                          = 2147483648                             {manageable} {ergonomic}
     bool UseCompressedClassPointers               = true                           {product lp64_product} {ergonomic}
     bool UseCompressedOops                        = true                           {product lp64_product} {ergonomic}
     bool UseG1GC                                  = true                                      {product} {ergonomic}
     bool UseLargePagesIndividualAllocation        = false                                  {pd product} {ergonomic}

Logging:
Log output configuration:
 #0: stdout all=warning uptime,level,tags
 #1: stderr all=off uptime,level,tags

Environment Variables:
PATH=C:\Program Files\Common Files\Oracle\Java\javapath;C:\Windows\system32;C:\Windows;C:\Windows\System32\Wbem;C:\Windows\System32\WindowsPowerShell\v1.0\;C:\Windows\System32\OpenSSH\;C:\Program Files (x86)\NVIDIA Corporation\PhysX\Common;C:\Program Files\NVIDIA Corporation\NVIDIA NvDLISR;C:\Program Files\Intel\WiFi\bin\;C:\Program Files\Common Files\Intel\WirelessCommon\;C:\WINDOWS\system32;C:\WINDOWS;C:\WINDOWS\System32\Wbem;C:\WINDOWS\System32\WindowsPowerShell\v1.0\;C:\WINDOWS\System32\OpenSSH\;Z:\git\Git\cmd;C:\Program Files\Cloudflare\Cloudflare WARP\;C:\Program Files\MySQL\MySQL Shell 8.0\bin\;C:\Users\91700\AppData\Local\Microsoft\WindowsApps;Z:\kotlin\bin;Z:\javaa\bin;C:\Program Files (x86)\mingw-w64\i686-8.1.0-posix-dwarf-rt_v6-rev0\mingw32\bin;C:\vs code\Microsoft VS Code\bin
USERNAME=91700
OS=Windows_NT
PROCESSOR_IDENTIFIER=Intel64 Family 6 Model 158 Stepping 10, GenuineIntel
TMP=C:\Users\91700\AppData\Local\Temp
TEMP=C:\Users\91700\AppData\Local\Temp


JNI global refs:
JNI global refs: 24, weak refs: 1

JNI global refs memory usage: 843, weak refs: 841

OOME stack traces (most recent first):
Classloader memory used:
Loader org.gradle.internal.classloader.VisitableURLClassLoader                         : 2363K
Loader bootstrap                                                                       : 2254K
Loader org.gradle.initialization.MixInLegacyTypesClassLoader                           : 424K
Loader jdk.internal.loader.ClassLoaders$PlatformClassLoader                            : 65413B
Loader jdk.internal.loader.ClassLoaders$AppClassLoader                                 : 28352B
Loader jdk.internal.reflect.DelegatingClassLoader                                      : 3102B
Loader org.gradle.groovy.scripts.internal.DefaultScriptCompilationHandler$ScriptClassLoader: 789B

Classes loaded by more than one classloader:
Class org.gradle.internal.installation.GradleInstallation                             : loaded 2 times (x 73B)
Class org.gradle.internal.classpath.ClassPath                                         : loaded 2 times (x 68B)
Class org.gradle.api.internal.classpath.DefaultModuleRegistry                         : loaded 2 times (x 84B)
Class org.gradle.api.Action                                                           : loaded 2 times (x 68B)
Class org.gradle.api.internal.DefaultClassPathProvider                                : loaded 2 times (x 74B)
Class org.gradle.internal.installation.GradleInstallation$1                           : loaded 2 times (x 73B)
Class org.gradle.internal.classloader.FilteringClassLoader                            : loaded 2 times (x 102B)
Class org.gradle.internal.classpath.DefaultClassPath$ImmutableUniqueList$Builder      : loaded 2 times (x 73B)
Class org.gradle.internal.classloader.ClassLoaderVisitor                              : loaded 2 times (x 74B)
Class org.gradle.internal.service.DefaultServiceLocator                               : loaded 2 times (x 81B)
Class org.gradle.internal.service.UnknownServiceException                             : loaded 2 times (x 81B)
Class org.gradle.internal.classloader.DefaultClassLoaderFactory                       : loaded 2 times (x 80B)
Class org.gradle.internal.classloader.VisitableURLClassLoader$Spec                    : loaded 2 times (x 72B)
Class org.gradle.api.GradleException                                                  : loaded 2 times (x 80B)
Class org.gradle.api.internal.classpath.ModuleRegistry                                : loaded 2 times (x 68B)
Class org.gradle.api.internal.ClassPathProvider                                       : loaded 2 times (x 68B)
Class org.gradle.internal.classloader.ClasspathUtil$1                                 : loaded 2 times (x 74B)
Class org.gradle.internal.classloader.ClassLoaderFactory                              : loaded 2 times (x 68B)
Class org.gradle.api.internal.classpath.ManifestUtil                                  : loaded 2 times (x 69B)
Class org.gradle.api.specs.Spec                                                       : loaded 2 times (x 68B)
Class org.gradle.internal.IoActions                                                   : loaded 2 times (x 69B)
Class org.gradle.api.internal.classpath.EffectiveClassPath                            : loaded 2 times (x 88B)
Class org.gradle.internal.installation.CurrentGradleInstallation                      : loaded 2 times (x 71B)
Class org.gradle.internal.agents.InstrumentingClassLoader                             : loaded 2 times (x 68B)
Class org.gradle.internal.installation.CurrentGradleInstallationLocator               : loaded 2 times (x 69B)
Class org.gradle.api.internal.classpath.Module                                        : loaded 2 times (x 68B)
Class org.gradle.internal.service.CachingServiceLocator                               : loaded 2 times (x 80B)
Class org.gradle.internal.classpath.DefaultClassPath                                  : loaded 2 times (x 88B)
Class org.gradle.internal.classloader.SystemClassLoaderSpec                           : loaded 2 times (x 69B)
Class org.gradle.api.UncheckedIOException                                             : loaded 2 times (x 80B)
Class org.gradle.internal.classloader.ClasspathUtil                                   : loaded 2 times (x 69B)
Class org.gradle.api.internal.DefaultClassPathRegistry                                : loaded 2 times (x 74B)
Class org.gradle.api.internal.classpath.DefaultModuleRegistry$DefaultModule           : loaded 2 times (x 84B)
Class org.gradle.api.internal.classpath.UnknownModuleException                        : loaded 2 times (x 80B)
Class org.gradle.internal.service.ServiceLookupException                              : loaded 2 times (x 80B)
Class org.gradle.cache.GlobalCache                                                    : loaded 2 times (x 68B)
Class [Lorg.gradle.api.internal.ClassPathProvider;                                    : loaded 2 times (x 67B)
Class org.gradle.util.internal.GUtil                                                  : loaded 2 times (x 69B)
Class org.gradle.internal.classloader.ClassLoaderSpec                                 : loaded 2 times (x 69B)
Class org.gradle.internal.classloader.VisitableURLClassLoader                         : loaded 2 times (x 114B)
Class org.gradle.internal.Cast                                                        : loaded 2 times (x 69B)
Class org.gradle.api.internal.ClassPathRegistry                                       : loaded 2 times (x 68B)
Class org.gradle.internal.classloader.VisitableURLClassLoader$InstrumentingVisitableURLClassLoader: loaded 2 times (x 120B)
Class org.gradle.internal.classloader.ClassLoaderHierarchy                            : loaded 2 times (x 68B)
Class org.gradle.internal.InternalTransformer                                         : loaded 2 times (x 68B)
Class org.gradle.internal.service.ServiceLocator                                      : loaded 2 times (x 68B)
Class org.gradle.internal.classpath.DefaultClassPath$ImmutableUniqueList              : loaded 2 times (x 159B)
Class org.gradle.internal.classpath.TransformedClassPath                              : loaded 2 times (x 94B)


---------------  S Y S T E M  ---------------

OS:
 Windows 11 , 64 bit Build 22621 (10.0.22621.3374)
OS uptime: 0 days 11:12 hours

CPU: total 8 (initial active 8) (4 cores per cpu, 2 threads per core) family 6 model 158 stepping 10 microcode 0xde, cx8, cmov, fxsr, ht, mmx, 3dnowpref, sse, sse2, sse3, ssse3, sse4.1, sse4.2, popcnt, lzcnt, tsc, tscinvbit, avx, avx2, aes, erms, clmul, bmi1, bmi2, adx, fma, vzeroupper, clflush, clflushopt

Memory: 4k page, system-wide physical 16226M (3699M free)
TotalPageFile size 18274M (AvailPageFile size 74M)
current process WorkingSet (physical memory assigned to process): 220M, peak: 225M
current process commit charge ("private bytes"): 256M, peak: 402M

vm_info: OpenJDK 64-Bit Server VM (17.0.7+0-b2043.56-10550314) for windows-amd64 JRE (17.0.7+0-b2043.56-10550314), built on Jul 24 2023 18:27:45 by "androidbuild" with MS VC++ 16.10 / 16.11 (VS2019)

END.
